CRITICAL - 2023-03-23 14:06:19 --> Call to undefined function App\Controllers\sess()
in APPPATH/Controllers/HomeController.php on line 20.
 1 SYSTEMPATH/CodeIgniter.php(934): App\Controllers\HomeController->lang()
 2 SYSTEMPATH/CodeIgniter.php(499): CodeIgniter\CodeIgniter->runController()
 3 SYSTEMPATH/CodeIgniter.php(368): CodeIgniter\CodeIgniter->handleRequest()
 4 FCPATH/index.php(67): CodeIgniter\CodeIgniter->run()
CRITICAL - 2023-03-23 14:06:53 --> Call to undefined function App\Controllers\sess()
in APPPATH/Controllers/HomeController.php on line 20.
 1 SYSTEMPATH/CodeIgniter.php(934): App\Controllers\HomeController->lang()
 2 SYSTEMPATH/CodeIgniter.php(499): CodeIgniter\CodeIgniter->runController()
 3 SYSTEMPATH/CodeIgniter.php(368): CodeIgniter\CodeIgniter->handleRequest()
 4 FCPATH/index.php(67): CodeIgniter\CodeIgniter->run()
CRITICAL - 2023-03-23 14:07:04 --> Call to undefined function App\Controllers\sess()
in APPPATH/Controllers/HomeController.php on line 20.
 1 SYSTEMPATH/CodeIgniter.php(934): App\Controllers\HomeController->lang()
 2 SYSTEMPATH/CodeIgniter.php(499): CodeIgniter\CodeIgniter->runController()
 3 SYSTEMPATH/CodeIgniter.php(368): CodeIgniter\CodeIgniter->handleRequest()
 4 FCPATH/index.php(67): CodeIgniter\CodeIgniter->run()
CRITICAL - 2023-03-23 20:58:55 --> Undefined array key "HTTP_REFERER"
in APPPATH/Controllers/HomeController.php on line 44.
 1 APPPATH/Controllers/HomeController.php(44): CodeIgniter\Debug\Exceptions->errorHandler()
 2 SYSTEMPATH/CodeIgniter.php(934): App\Controllers\HomeController->color()
 3 SYSTEMPATH/CodeIgniter.php(499): CodeIgniter\CodeIgniter->runController()
 4 SYSTEMPATH/CodeIgniter.php(368): CodeIgniter\CodeIgniter->handleRequest()
 5 FCPATH/index.php(67): CodeIgniter\CodeIgniter->run()
CRITICAL - 2023-03-23 20:58:56 --> Undefined array key "HTTP_REFERER"
in APPPATH/Controllers/HomeController.php on line 30.
 1 APPPATH/Controllers/HomeController.php(30): CodeIgniter\Debug\Exceptions->errorHandler()
 2 SYSTEMPATH/CodeIgniter.php(934): App\Controllers\HomeController->lang()
 3 SYSTEMPATH/CodeIgniter.php(499): CodeIgniter\CodeIgniter->runController()
 4 SYSTEMPATH/CodeIgniter.php(368): CodeIgniter\CodeIgniter->handleRequest()
 5 FCPATH/index.php(67): CodeIgniter\CodeIgniter->run()
